<?xml version="1.0" encoding="UTF-8"?>
<!-- Generated by org.testng.reporters.JUnitXMLReporter -->
<testsuite hostname="LAPTOP-B82FKL5H" name="Test" tests="1" failures="1" timestamp="9 Oct 2018 05:10:15 GMT" time="27.136" errors="0">
  <testcase name="testA" time="6.914" classname="script.DemoA">
    <failure type="java.lang.AssertionError" message="null">
      <![CDATA[java.lang.AssertionError: null
	at script.DemoA.testA(DemoA.java:19)
... Removed 27 stack frames]]>
    </failure>
  </testcase> <!-- testA -->
</testsuite> <!-- Test -->
