<?xml version="1.0" encoding="UTF-8"?>
<!-- Generated by org.testng.reporters.JUnitXMLReporter -->
<testsuite hostname="LAPTOP-B82FKL5H" ignored="0" name="Test" tests="1" failures="1" timestamp="09 Oct 2018 04:28:55 GMT" time="21.149" errors="0">
  <testcase name="@AfterMethod closeApp" time="2.6" classname="generic.BaseTest">
    <failure type="java.lang.NoClassDefFoundError" message="org/apache/commons/io/FileUtils">
      <![CDATA[java.lang.NoClassDefFoundError: org/apache/commons/io/FileUtils
at generic.Utility.getPhoto(Utility.java:30)
at generic.BaseTest.closeApp(BaseTest.java:40)
Caused by: java.lang.ClassNotFoundException: org.apache.commons.io.FileUtils
at java.net.URLClassLoader.findClass(Unknown Source)
at java.lang.ClassLoader.loadClass(Unknown Source)
at sun.misc.Launcher$AppClassLoader.loadClass(Unknown Source)
at java.lang.ClassLoader.loadClass(Unknown Source)
... 34 more
... Removed 32 stack frames]]>
    </failure>
  </testcase> <!-- @AfterMethod closeApp -->
  <testcase name="testA" time="0.812" classname="script.DemoA">
    <failure type="java.lang.AssertionError" message="null">
      <![CDATA[java.lang.AssertionError: null
at script.DemoA.testA(DemoA.java:19)
... Removed 31 stack frames]]>
    </failure>
  </testcase> <!-- testA -->
</testsuite> <!-- Test -->
