<?xml version="1.0" encoding="UTF-8"?>
<testng-results skipped="0" failed="0" total="1" passed="1">
  <reporter-output>
  </reporter-output>
  <suite name="Default suite" duration-ms="14696" started-at="2018-10-19T06:48:22Z" finished-at="2018-10-19T06:48:37Z">
    <groups>
    </groups>
    <test name="Default test" duration-ms="14696" started-at="2018-10-19T06:48:22Z" finished-at="2018-10-19T06:48:37Z">
      <class name="qsp.DemK">
        <test-method status="PASS" signature="open()[pri:0, instance:qsp.DemK@e25b2fe]" name="open" duration-ms="14659" started-at="2018-10-19T12:18:22Z" finished-at="2018-10-19T12:18:37Z">
          <reporter-output>
          </reporter-output>
        </test-method> <!-- open -->
      </class> <!-- qsp.DemK -->
    </test> <!-- Default test -->
  </suite> <!-- Default suite -->
</testng-results>
